CRITICAL - 2025-06-17 11:04:08 --> Error: Cannot use object of type stdClass as array
[Method: POST, Route: company_submit]
in APPPATH\Controllers\Home.php on line 61.
 1 SYSTEMPATH\CodeIgniter.php(933): App\Controllers\Home->company_submit()
 2 SYSTEMPATH\CodeIgniter.php(507): CodeIgniter\CodeIgniter->runController(Object(App\Controllers\Home))
 3 SYSTEMPATH\CodeIgniter.php(354): CodeIgniter\CodeIgniter->handleRequest(null, Object(Config\Cache), false)
 4 SYSTEMPATH\Boot.php(334): CodeIgniter\CodeIgniter->run()
 5 SYSTEMPATH\Boot.php(67): CodeIgniter\Boot::runCodeIgniter(Object(CodeIgniter\CodeIgniter))
 6 FCPATH\index.php(59): CodeIgniter\Boot::bootWeb(Object(Config\Paths))
CRITICAL - 2025-06-17 11:06:40 --> Error: Cannot use object of type stdClass as array
[Method: POST, Route: company_submit]
in APPPATH\Controllers\Home.php on line 61.
 1 SYSTEMPATH\CodeIgniter.php(933): App\Controllers\Home->company_submit()
 2 SYSTEMPATH\CodeIgniter.php(507): CodeIgniter\CodeIgniter->runController(Object(App\Controllers\Home))
 3 SYSTEMPATH\CodeIgniter.php(354): CodeIgniter\CodeIgniter->handleRequest(null, Object(Config\Cache), false)
 4 SYSTEMPATH\Boot.php(334): CodeIgniter\CodeIgniter->run()
 5 SYSTEMPATH\Boot.php(67): CodeIgniter\Boot::runCodeIgniter(Object(CodeIgniter\CodeIgniter))
 6 FCPATH\index.php(59): CodeIgniter\Boot::bootWeb(Object(Config\Paths))
ERROR - 2025-06-17 11:19:19 --> Error connecting to the database: mysqli_sql_exception: Access denied for user 'ci4crm'@'localhost' (using password: YES) in C:\xampp\htdocs\CRM_CI4\system\Database\MySQLi\Connection.php:202
Stack trace:
#0 C:\xampp\htdocs\CRM_CI4\system\Database\MySQLi\Connection.php(202): mysqli->real_connect('localhost', 'ci4crm', 'PdAADN6v/QZgwj_...', 'ci4crm', 3306, '', 0)
#1 C:\xampp\htdocs\CRM_CI4\system\Database\BaseConnection.php(421): CodeIgniter\Database\MySQLi\Connection->connect(false)
#2 C:\xampp\htdocs\CRM_CI4\system\Database\BaseConnection.php(620): CodeIgniter\Database\BaseConnection->initialize()
#3 C:\xampp\htdocs\CRM_CI4\system\Database\BaseBuilder.php(2345): CodeIgniter\Database\BaseConnection->query('INSERT INTO `co...', Array, false)
#4 C:\xampp\htdocs\CRM_CI4\system\Model.php(394): CodeIgniter\Database\BaseBuilder->insert()
#5 C:\xampp\htdocs\CRM_CI4\system\BaseModel.php(843): CodeIgniter\Model->doInsert(Array)
#6 C:\xampp\htdocs\CRM_CI4\system\Model.php(800): CodeIgniter\BaseModel->insert(Array, true)
#7 C:\xampp\htdocs\CRM_CI4\app\Controllers\Home.php(83): CodeIgniter\Model->insert(Array)
#8 C:\xampp\htdocs\CRM_CI4\system\CodeIgniter.php(933): App\Controllers\Home->company_submit()
#9 C:\xampp\htdocs\CRM_CI4\system\CodeIgniter.php(507): CodeIgniter\CodeIgniter->runController(Object(App\Controllers\Home))
#10 C:\xampp\htdocs\CRM_CI4\system\CodeIgniter.php(354): CodeIgniter\CodeIgniter->handleRequest(NULL, Object(Config\Cache), false)
#11 C:\xampp\htdocs\CRM_CI4\system\Boot.php(334): CodeIgniter\CodeIgniter->run()
#12 C:\xampp\htdocs\CRM_CI4\system\Boot.php(67): CodeIgniter\Boot::runCodeIgniter(Object(CodeIgniter\CodeIgniter))
#13 C:\xampp\htdocs\CRM_CI4\public\index.php(59): CodeIgniter\Boot::bootWeb(Object(Config\Paths))
#14 {main}

Next CodeIgniter\Database\Exceptions\DatabaseException: Access denied for user '****'@'localhost' (using password: YES) in C:\xampp\htdocs\CRM_CI4\system\Database\MySQLi\Connection.php:246
Stack trace:
#0 C:\xampp\htdocs\CRM_CI4\system\Database\BaseConnection.php(421): CodeIgniter\Database\MySQLi\Connection->connect(false)
#1 C:\xampp\htdocs\CRM_CI4\system\Database\BaseConnection.php(620): CodeIgniter\Database\BaseConnection->initialize()
#2 C:\xampp\htdocs\CRM_CI4\system\Database\BaseBuilder.php(2345): CodeIgniter\Database\BaseConnection->query('INSERT INTO `co...', Array, false)
#3 C:\xampp\htdocs\CRM_CI4\system\Model.php(394): CodeIgniter\Database\BaseBuilder->insert()
#4 C:\xampp\htdocs\CRM_CI4\system\BaseModel.php(843): CodeIgniter\Model->doInsert(Array)
#5 C:\xampp\htdocs\CRM_CI4\system\Model.php(800): CodeIgniter\BaseModel->insert(Array, true)
#6 C:\xampp\htdocs\CRM_CI4\app\Controllers\Home.php(83): CodeIgniter\Model->insert(Array)
#7 C:\xampp\htdocs\CRM_CI4\system\CodeIgniter.php(933): App\Controllers\Home->company_submit()
#8 C:\xampp\htdocs\CRM_CI4\system\CodeIgniter.php(507): CodeIgniter\CodeIgniter->runController(Object(App\Controllers\Home))
#9 C:\xampp\htdocs\CRM_CI4\system\CodeIgniter.php(354): CodeIgniter\CodeIgniter->handleRequest(NULL, Object(Config\Cache), false)
#10 C:\xampp\htdocs\CRM_CI4\system\Boot.php(334): CodeIgniter\CodeIgniter->run()
#11 C:\xampp\htdocs\CRM_CI4\system\Boot.php(67): CodeIgniter\Boot::runCodeIgniter(Object(CodeIgniter\CodeIgniter))
#12 C:\xampp\htdocs\CRM_CI4\public\index.php(59): CodeIgniter\Boot::bootWeb(Object(Config\Paths))
#13 {main}
CRITICAL - 2025-06-17 11:53:29 --> TypeError: CodeIgniter\Database\BaseBuilder::hasOperator(): Argument #1 ($str) must be of type string, int given, called in C:\xampp\htdocs\CRM_CI4\system\Database\BaseBuilder.php on line 806
[Method: GET, Route: company_upsert/1]
in SYSTEMPATH\Database\BaseBuilder.php on line 3448.
 1 SYSTEMPATH\Database\BaseBuilder.php(806): CodeIgniter\Database\BaseBuilder->hasOperator(1)
 2 SYSTEMPATH\Database\BaseBuilder.php(722): CodeIgniter\Database\BaseBuilder->whereHaving('QBWhere', '1', null, 'AND ', true)
 3 SYSTEMPATH\Model.php(928): CodeIgniter\Database\BaseBuilder->where('1')
 4 APPPATH\Controllers\Home.php(48): CodeIgniter\Model->__call('where', [...])
 5 SYSTEMPATH\CodeIgniter.php(933): App\Controllers\Home->company_upsert('1')
 6 SYSTEMPATH\CodeIgniter.php(507): CodeIgniter\CodeIgniter->runController(Object(App\Controllers\Home))
 7 SYSTEMPATH\CodeIgniter.php(354): CodeIgniter\CodeIgniter->handleRequest(null, Object(Config\Cache), false)
 8 SYSTEMPATH\Boot.php(334): CodeIgniter\CodeIgniter->run()
 9 SYSTEMPATH\Boot.php(67): CodeIgniter\Boot::runCodeIgniter(Object(CodeIgniter\CodeIgniter))
10 FCPATH\index.php(59): CodeIgniter\Boot::bootWeb(Object(Config\Paths))
CRITICAL - 2025-06-17 11:53:52 --> TypeError: CodeIgniter\Database\BaseBuilder::hasOperator(): Argument #1 ($str) must be of type string, int given, called in C:\xampp\htdocs\CRM_CI4\system\Database\BaseBuilder.php on line 806
[Method: GET, Route: company_upsert/1]
in SYSTEMPATH\Database\BaseBuilder.php on line 3448.
 1 SYSTEMPATH\Database\BaseBuilder.php(806): CodeIgniter\Database\BaseBuilder->hasOperator(1)
 2 SYSTEMPATH\Database\BaseBuilder.php(722): CodeIgniter\Database\BaseBuilder->whereHaving('QBWhere', '1', null, 'AND ', true)
 3 SYSTEMPATH\Model.php(928): CodeIgniter\Database\BaseBuilder->where('1')
 4 APPPATH\Controllers\Home.php(48): CodeIgniter\Model->__call('where', [...])
 5 SYSTEMPATH\CodeIgniter.php(933): App\Controllers\Home->company_upsert('1')
 6 SYSTEMPATH\CodeIgniter.php(507): CodeIgniter\CodeIgniter->runController(Object(App\Controllers\Home))
 7 SYSTEMPATH\CodeIgniter.php(354): CodeIgniter\CodeIgniter->handleRequest(null, Object(Config\Cache), false)
 8 SYSTEMPATH\Boot.php(334): CodeIgniter\CodeIgniter->run()
 9 SYSTEMPATH\Boot.php(67): CodeIgniter\Boot::runCodeIgniter(Object(CodeIgniter\CodeIgniter))
10 FCPATH\index.php(59): CodeIgniter\Boot::bootWeb(Object(Config\Paths))
CRITICAL - 2025-06-17 11:55:11 --> TypeError: CodeIgniter\Database\BaseBuilder::hasOperator(): Argument #1 ($str) must be of type string, int given, called in C:\xampp\htdocs\CRM_CI4\system\Database\BaseBuilder.php on line 806
[Method: GET, Route: company_upsert/2]
in SYSTEMPATH\Database\BaseBuilder.php on line 3448.
 1 SYSTEMPATH\Database\BaseBuilder.php(806): CodeIgniter\Database\BaseBuilder->hasOperator(2)
 2 SYSTEMPATH\Database\BaseBuilder.php(722): CodeIgniter\Database\BaseBuilder->whereHaving('QBWhere', '2', null, 'AND ', true)
 3 SYSTEMPATH\Model.php(928): CodeIgniter\Database\BaseBuilder->where('2')
 4 APPPATH\Controllers\Home.php(48): CodeIgniter\Model->__call('where', [...])
 5 SYSTEMPATH\CodeIgniter.php(933): App\Controllers\Home->company_upsert('2')
 6 SYSTEMPATH\CodeIgniter.php(507): CodeIgniter\CodeIgniter->runController(Object(App\Controllers\Home))
 7 SYSTEMPATH\CodeIgniter.php(354): CodeIgniter\CodeIgniter->handleRequest(null, Object(Config\Cache), false)
 8 SYSTEMPATH\Boot.php(334): CodeIgniter\CodeIgniter->run()
 9 SYSTEMPATH\Boot.php(67): CodeIgniter\Boot::runCodeIgniter(Object(CodeIgniter\CodeIgniter))
10 FCPATH\index.php(59): CodeIgniter\Boot::bootWeb(Object(Config\Paths))
CRITICAL - 2025-06-17 11:57:27 --> Error: Object of class App\Controllers\Home could not be converted to string
[Method: GET, Route: company_upsert/2]
in APPPATH\Controllers\Home.php on line 45.
 1 SYSTEMPATH\CodeIgniter.php(933): App\Controllers\Home->company_upsert('2')
 2 SYSTEMPATH\CodeIgniter.php(507): CodeIgniter\CodeIgniter->runController(Object(App\Controllers\Home))
 3 SYSTEMPATH\CodeIgniter.php(354): CodeIgniter\CodeIgniter->handleRequest(null, Object(Config\Cache), false)
 4 SYSTEMPATH\Boot.php(334): CodeIgniter\CodeIgniter->run()
 5 SYSTEMPATH\Boot.php(67): CodeIgniter\Boot::runCodeIgniter(Object(CodeIgniter\CodeIgniter))
 6 FCPATH\index.php(59): CodeIgniter\Boot::bootWeb(Object(Config\Paths))
CRITICAL - 2025-06-17 13:14:06 --> ErrorException: Undefined variable $companyData
[Method: GET, Route: company_upsert]
in APPPATH\Views\company_upsert.php on line 12.
 1 APPPATH\Views\company_upsert.php(12): CodeIgniter\Debug\Exceptions->errorHandler(2, 'Undefined variable $companyData', 'C:\\xampp\\htdocs\\CRM_CI4\\app\\Views\\company_upsert.php', 12)
 2 SYSTEMPATH\View\View.php(224): include('C:\\xampp\\htdocs\\CRM_CI4\\app\\Views\\company_upsert.php')
 3 SYSTEMPATH\View\View.php(227): CodeIgniter\View\View->CodeIgniter\View\{closure}()
 4 SYSTEMPATH\Common.php(1173): CodeIgniter\View\View->render('company_upsert', [], true)
 5 APPPATH\Controllers\Home.php(53): view('company_upsert', [...])
 6 SYSTEMPATH\CodeIgniter.php(933): App\Controllers\Home->company_upsert()
 7 SYSTEMPATH\CodeIgniter.php(507): CodeIgniter\CodeIgniter->runController(Object(App\Controllers\Home))
 8 SYSTEMPATH\CodeIgniter.php(354): CodeIgniter\CodeIgniter->handleRequest(null, Object(Config\Cache), false)
 9 SYSTEMPATH\Boot.php(334): CodeIgniter\CodeIgniter->run()
10 SYSTEMPATH\Boot.php(67): CodeIgniter\Boot::runCodeIgniter(Object(CodeIgniter\CodeIgniter))
11 FCPATH\index.php(59): CodeIgniter\Boot::bootWeb(Object(Config\Paths))
CRITICAL - 2025-06-17 13:14:48 --> ErrorException: Undefined variable $companyData
[Method: GET, Route: company_upsert]
in APPPATH\Views\company_upsert.php on line 12.
 1 APPPATH\Views\company_upsert.php(12): CodeIgniter\Debug\Exceptions->errorHandler(2, 'Undefined variable $companyData', 'C:\\xampp\\htdocs\\CRM_CI4\\app\\Views\\company_upsert.php', 12)
 2 SYSTEMPATH\View\View.php(224): include('C:\\xampp\\htdocs\\CRM_CI4\\app\\Views\\company_upsert.php')
 3 SYSTEMPATH\View\View.php(227): CodeIgniter\View\View->CodeIgniter\View\{closure}()
 4 SYSTEMPATH\Common.php(1173): CodeIgniter\View\View->render('company_upsert', [], true)
 5 APPPATH\Controllers\Home.php(53): view('company_upsert', [...])
 6 SYSTEMPATH\CodeIgniter.php(933): App\Controllers\Home->company_upsert()
 7 SYSTEMPATH\CodeIgniter.php(507): CodeIgniter\CodeIgniter->runController(Object(App\Controllers\Home))
 8 SYSTEMPATH\CodeIgniter.php(354): CodeIgniter\CodeIgniter->handleRequest(null, Object(Config\Cache), false)
 9 SYSTEMPATH\Boot.php(334): CodeIgniter\CodeIgniter->run()
10 SYSTEMPATH\Boot.php(67): CodeIgniter\Boot::runCodeIgniter(Object(CodeIgniter\CodeIgniter))
11 FCPATH\index.php(59): CodeIgniter\Boot::bootWeb(Object(Config\Paths))
CRITICAL - 2025-06-17 13:14:49 --> ErrorException: Undefined variable $companyData
[Method: GET, Route: company_upsert]
in APPPATH\Views\company_upsert.php on line 12.
 1 APPPATH\Views\company_upsert.php(12): CodeIgniter\Debug\Exceptions->errorHandler(2, 'Undefined variable $companyData', 'C:\\xampp\\htdocs\\CRM_CI4\\app\\Views\\company_upsert.php', 12)
 2 SYSTEMPATH\View\View.php(224): include('C:\\xampp\\htdocs\\CRM_CI4\\app\\Views\\company_upsert.php')
 3 SYSTEMPATH\View\View.php(227): CodeIgniter\View\View->CodeIgniter\View\{closure}()
 4 SYSTEMPATH\Common.php(1173): CodeIgniter\View\View->render('company_upsert', [], true)
 5 APPPATH\Controllers\Home.php(53): view('company_upsert', [...])
 6 SYSTEMPATH\CodeIgniter.php(933): App\Controllers\Home->company_upsert()
 7 SYSTEMPATH\CodeIgniter.php(507): CodeIgniter\CodeIgniter->runController(Object(App\Controllers\Home))
 8 SYSTEMPATH\CodeIgniter.php(354): CodeIgniter\CodeIgniter->handleRequest(null, Object(Config\Cache), false)
 9 SYSTEMPATH\Boot.php(334): CodeIgniter\CodeIgniter->run()
10 SYSTEMPATH\Boot.php(67): CodeIgniter\Boot::runCodeIgniter(Object(CodeIgniter\CodeIgniter))
11 FCPATH\index.php(59): CodeIgniter\Boot::bootWeb(Object(Config\Paths))
CRITICAL - 2025-06-17 13:14:50 --> ErrorException: Undefined variable $companyData
[Method: GET, Route: company_upsert]
in APPPATH\Views\company_upsert.php on line 12.
 1 APPPATH\Views\company_upsert.php(12): CodeIgniter\Debug\Exceptions->errorHandler(2, 'Undefined variable $companyData', 'C:\\xampp\\htdocs\\CRM_CI4\\app\\Views\\company_upsert.php', 12)
 2 SYSTEMPATH\View\View.php(224): include('C:\\xampp\\htdocs\\CRM_CI4\\app\\Views\\company_upsert.php')
 3 SYSTEMPATH\View\View.php(227): CodeIgniter\View\View->CodeIgniter\View\{closure}()
 4 SYSTEMPATH\Common.php(1173): CodeIgniter\View\View->render('company_upsert', [], true)
 5 APPPATH\Controllers\Home.php(53): view('company_upsert', [...])
 6 SYSTEMPATH\CodeIgniter.php(933): App\Controllers\Home->company_upsert()
 7 SYSTEMPATH\CodeIgniter.php(507): CodeIgniter\CodeIgniter->runController(Object(App\Controllers\Home))
 8 SYSTEMPATH\CodeIgniter.php(354): CodeIgniter\CodeIgniter->handleRequest(null, Object(Config\Cache), false)
 9 SYSTEMPATH\Boot.php(334): CodeIgniter\CodeIgniter->run()
10 SYSTEMPATH\Boot.php(67): CodeIgniter\Boot::runCodeIgniter(Object(CodeIgniter\CodeIgniter))
11 FCPATH\index.php(59): CodeIgniter\Boot::bootWeb(Object(Config\Paths))
CRITICAL - 2025-06-17 13:14:52 --> ErrorException: Undefined variable $companyData
[Method: GET, Route: company_upsert]
in APPPATH\Views\company_upsert.php on line 12.
 1 APPPATH\Views\company_upsert.php(12): CodeIgniter\Debug\Exceptions->errorHandler(2, 'Undefined variable $companyData', 'C:\\xampp\\htdocs\\CRM_CI4\\app\\Views\\company_upsert.php', 12)
 2 SYSTEMPATH\View\View.php(224): include('C:\\xampp\\htdocs\\CRM_CI4\\app\\Views\\company_upsert.php')
 3 SYSTEMPATH\View\View.php(227): CodeIgniter\View\View->CodeIgniter\View\{closure}()
 4 SYSTEMPATH\Common.php(1173): CodeIgniter\View\View->render('company_upsert', [], true)
 5 APPPATH\Controllers\Home.php(53): view('company_upsert', [...])
 6 SYSTEMPATH\CodeIgniter.php(933): App\Controllers\Home->company_upsert()
 7 SYSTEMPATH\CodeIgniter.php(507): CodeIgniter\CodeIgniter->runController(Object(App\Controllers\Home))
 8 SYSTEMPATH\CodeIgniter.php(354): CodeIgniter\CodeIgniter->handleRequest(null, Object(Config\Cache), false)
 9 SYSTEMPATH\Boot.php(334): CodeIgniter\CodeIgniter->run()
10 SYSTEMPATH\Boot.php(67): CodeIgniter\Boot::runCodeIgniter(Object(CodeIgniter\CodeIgniter))
11 FCPATH\index.php(59): CodeIgniter\Boot::bootWeb(Object(Config\Paths))
CRITICAL - 2025-06-17 13:15:04 --> ErrorException: Undefined variable $id
[Method: GET, Route: company_upsert]
in APPPATH\Views\company_upsert.php on line 80.
 1 APPPATH\Views\company_upsert.php(80): CodeIgniter\Debug\Exceptions->errorHandler(2, 'Undefined variable $id', 'C:\\xampp\\htdocs\\CRM_CI4\\app\\Views\\company_upsert.php', 80)
 2 SYSTEMPATH\View\View.php(224): include('C:\\xampp\\htdocs\\CRM_CI4\\app\\Views\\company_upsert.php')
 3 SYSTEMPATH\View\View.php(227): CodeIgniter\View\View->CodeIgniter\View\{closure}()
 4 SYSTEMPATH\Common.php(1173): CodeIgniter\View\View->render('company_upsert', [], true)
 5 APPPATH\Controllers\Home.php(53): view('company_upsert', [...])
 6 SYSTEMPATH\CodeIgniter.php(933): App\Controllers\Home->company_upsert()
 7 SYSTEMPATH\CodeIgniter.php(507): CodeIgniter\CodeIgniter->runController(Object(App\Controllers\Home))
 8 SYSTEMPATH\CodeIgniter.php(354): CodeIgniter\CodeIgniter->handleRequest(null, Object(Config\Cache), false)
 9 SYSTEMPATH\Boot.php(334): CodeIgniter\CodeIgniter->run()
10 SYSTEMPATH\Boot.php(67): CodeIgniter\Boot::runCodeIgniter(Object(CodeIgniter\CodeIgniter))
11 FCPATH\index.php(59): CodeIgniter\Boot::bootWeb(Object(Config\Paths))
CRITICAL - 2025-06-17 13:17:27 --> ErrorException: Undefined variable $id
[Method: GET, Route: company_upsert]
in APPPATH\Views\company_upsert.php on line 80.
 1 APPPATH\Views\company_upsert.php(80): CodeIgniter\Debug\Exceptions->errorHandler(2, 'Undefined variable $id', 'C:\\xampp\\htdocs\\CRM_CI4\\app\\Views\\company_upsert.php', 80)
 2 SYSTEMPATH\View\View.php(224): include('C:\\xampp\\htdocs\\CRM_CI4\\app\\Views\\company_upsert.php')
 3 SYSTEMPATH\View\View.php(227): CodeIgniter\View\View->CodeIgniter\View\{closure}()
 4 SYSTEMPATH\Common.php(1173): CodeIgniter\View\View->render('company_upsert', [], true)
 5 APPPATH\Controllers\Home.php(53): view('company_upsert', [...])
 6 SYSTEMPATH\CodeIgniter.php(933): App\Controllers\Home->company_upsert()
 7 SYSTEMPATH\CodeIgniter.php(507): CodeIgniter\CodeIgniter->runController(Object(App\Controllers\Home))
 8 SYSTEMPATH\CodeIgniter.php(354): CodeIgniter\CodeIgniter->handleRequest(null, Object(Config\Cache), false)
 9 SYSTEMPATH\Boot.php(334): CodeIgniter\CodeIgniter->run()
10 SYSTEMPATH\Boot.php(67): CodeIgniter\Boot::runCodeIgniter(Object(CodeIgniter\CodeIgniter))
11 FCPATH\index.php(59): CodeIgniter\Boot::bootWeb(Object(Config\Paths))
CRITICAL - 2025-06-17 13:17:58 --> ErrorException: Undefined variable $companyData
[Method: GET, Route: company_upsert]
in APPPATH\Views\company_upsert.php on line 81.
 1 APPPATH\Views\company_upsert.php(81): CodeIgniter\Debug\Exceptions->errorHandler(2, 'Undefined variable $companyData', 'C:\\xampp\\htdocs\\CRM_CI4\\app\\Views\\company_upsert.php', 81)
 2 SYSTEMPATH\View\View.php(224): include('C:\\xampp\\htdocs\\CRM_CI4\\app\\Views\\company_upsert.php')
 3 SYSTEMPATH\View\View.php(227): CodeIgniter\View\View->CodeIgniter\View\{closure}()
 4 SYSTEMPATH\Common.php(1173): CodeIgniter\View\View->render('company_upsert', [], true)
 5 APPPATH\Controllers\Home.php(53): view('company_upsert', [...])
 6 SYSTEMPATH\CodeIgniter.php(933): App\Controllers\Home->company_upsert()
 7 SYSTEMPATH\CodeIgniter.php(507): CodeIgniter\CodeIgniter->runController(Object(App\Controllers\Home))
 8 SYSTEMPATH\CodeIgniter.php(354): CodeIgniter\CodeIgniter->handleRequest(null, Object(Config\Cache), false)
 9 SYSTEMPATH\Boot.php(334): CodeIgniter\CodeIgniter->run()
10 SYSTEMPATH\Boot.php(67): CodeIgniter\Boot::runCodeIgniter(Object(CodeIgniter\CodeIgniter))
11 FCPATH\index.php(59): CodeIgniter\Boot::bootWeb(Object(Config\Paths))
CRITICAL - 2025-06-17 13:19:28 --> ErrorException: Undefined variable $id
[Method: GET, Route: company_upsert]
in APPPATH\Views\company_upsert.php on line 80.
 1 APPPATH\Views\company_upsert.php(80): CodeIgniter\Debug\Exceptions->errorHandler(2, 'Undefined variable $id', 'C:\\xampp\\htdocs\\CRM_CI4\\app\\Views\\company_upsert.php', 80)
 2 SYSTEMPATH\View\View.php(224): include('C:\\xampp\\htdocs\\CRM_CI4\\app\\Views\\company_upsert.php')
 3 SYSTEMPATH\View\View.php(227): CodeIgniter\View\View->CodeIgniter\View\{closure}()
 4 SYSTEMPATH\Common.php(1173): CodeIgniter\View\View->render('company_upsert', [], true)
 5 APPPATH\Controllers\Home.php(53): view('company_upsert', [...])
 6 SYSTEMPATH\CodeIgniter.php(933): App\Controllers\Home->company_upsert()
 7 SYSTEMPATH\CodeIgniter.php(507): CodeIgniter\CodeIgniter->runController(Object(App\Controllers\Home))
 8 SYSTEMPATH\CodeIgniter.php(354): CodeIgniter\CodeIgniter->handleRequest(null, Object(Config\Cache), false)
 9 SYSTEMPATH\Boot.php(334): CodeIgniter\CodeIgniter->run()
10 SYSTEMPATH\Boot.php(67): CodeIgniter\Boot::runCodeIgniter(Object(CodeIgniter\CodeIgniter))
11 FCPATH\index.php(59): CodeIgniter\Boot::bootWeb(Object(Config\Paths))
CRITICAL - 2025-06-17 13:20:38 --> ErrorException: Undefined variable $id
[Method: GET, Route: company_upsert]
in APPPATH\Views\company_upsert.php on line 80.
 1 APPPATH\Views\company_upsert.php(80): CodeIgniter\Debug\Exceptions->errorHandler(2, 'Undefined variable $id', 'C:\\xampp\\htdocs\\CRM_CI4\\app\\Views\\company_upsert.php', 80)
 2 SYSTEMPATH\View\View.php(224): include('C:\\xampp\\htdocs\\CRM_CI4\\app\\Views\\company_upsert.php')
 3 SYSTEMPATH\View\View.php(227): CodeIgniter\View\View->CodeIgniter\View\{closure}()
 4 SYSTEMPATH\Common.php(1173): CodeIgniter\View\View->render('company_upsert', [], true)
 5 APPPATH\Controllers\Home.php(53): view('company_upsert', [...])
 6 SYSTEMPATH\CodeIgniter.php(933): App\Controllers\Home->company_upsert()
 7 SYSTEMPATH\CodeIgniter.php(507): CodeIgniter\CodeIgniter->runController(Object(App\Controllers\Home))
 8 SYSTEMPATH\CodeIgniter.php(354): CodeIgniter\CodeIgniter->handleRequest(null, Object(Config\Cache), false)
 9 SYSTEMPATH\Boot.php(334): CodeIgniter\CodeIgniter->run()
10 SYSTEMPATH\Boot.php(67): CodeIgniter\Boot::runCodeIgniter(Object(CodeIgniter\CodeIgniter))
11 FCPATH\index.php(59): CodeIgniter\Boot::bootWeb(Object(Config\Paths))
