CRITICAL - 2025-06-18 10:24:46 --> ErrorException: Maximum execution time of 120 seconds exceeded
[Method: POST, Route: category_submit]
in SYSTEMPATH\Database\MySQLi\Connection.php on line 327.
 1 [internal function]: CodeIgniter\Debug\Exceptions->shutdownHandler()
CRITICAL - 2025-06-18 10:25:02 --> ErrorException: Maximum execution time of 120 seconds exceeded
[Method: POST, Route: category_submit]
in SYSTEMPATH\Database\MySQLi\Connection.php on line 327.
 1 [internal function]: CodeIgniter\Debug\Exceptions->shutdownHandler()
CRITICAL - 2025-06-18 10:25:38 --> ErrorException: Maximum execution time of 120 seconds exceeded
[Method: POST, Route: category_submit]
in SYSTEMPATH\Database\MySQLi\Connection.php on line 327.
 1 [internal function]: CodeIgniter\Debug\Exceptions->shutdownHandler()
CRITICAL - 2025-06-18 10:25:46 --> ErrorException: Maximum execution time of 120 seconds exceeded
[Method: POST, Route: category_submit]
in SYSTEMPATH\Database\MySQLi\Connection.php on line 327.
 1 [internal function]: CodeIgniter\Debug\Exceptions->shutdownHandler()
ERROR - 2025-06-18 10:49:13 --> mysqli_sql_exception: Unknown column 'id' in 'where clause' in C:\xampp\htdocs\CRM_CI4\system\Database\MySQLi\Connection.php:327
Stack trace:
#0 C:\xampp\htdocs\CRM_CI4\system\Database\MySQLi\Connection.php(327): mysqli->query('SELECT *\nFROM `...', 0)
#1 C:\xampp\htdocs\CRM_CI4\system\Database\BaseConnection.php(738): CodeIgniter\Database\MySQLi\Connection->execute('SELECT *\nFROM `...')
#2 C:\xampp\htdocs\CRM_CI4\system\Database\BaseConnection.php(652): CodeIgniter\Database\BaseConnection->simpleQuery('SELECT *\nFROM `...')
#3 C:\xampp\htdocs\CRM_CI4\system\Database\BaseBuilder.php(1649): CodeIgniter\Database\BaseConnection->query('SELECT *\nFROM `...', Array, false)
#4 C:\xampp\htdocs\CRM_CI4\system\Model.php(330): CodeIgniter\Database\BaseBuilder->get()
#5 C:\xampp\htdocs\CRM_CI4\system\BaseModel.php(717): CodeIgniter\Model->doFirst()
#6 C:\xampp\htdocs\CRM_CI4\app\Controllers\Category.php(107): CodeIgniter\BaseModel->first()
#7 C:\xampp\htdocs\CRM_CI4\system\CodeIgniter.php(933): App\Controllers\Category->category_submit()
#8 C:\xampp\htdocs\CRM_CI4\system\CodeIgniter.php(507): CodeIgniter\CodeIgniter->runController(Object(App\Controllers\Category))
#9 C:\xampp\htdocs\CRM_CI4\system\CodeIgniter.php(354): CodeIgniter\CodeIgniter->handleRequest(NULL, Object(Config\Cache), false)
#10 C:\xampp\htdocs\CRM_CI4\system\Boot.php(334): CodeIgniter\CodeIgniter->run()
#11 C:\xampp\htdocs\CRM_CI4\system\Boot.php(67): CodeIgniter\Boot::runCodeIgniter(Object(CodeIgniter\CodeIgniter))
#12 C:\xampp\htdocs\CRM_CI4\public\index.php(59): CodeIgniter\Boot::bootWeb(Object(Config\Paths))
#13 {main}
CRITICAL - 2025-06-18 10:52:29 --> ErrorException: Maximum execution time of 120 seconds exceeded
[Method: POST, Route: category_submit]
in SYSTEMPATH\Database\MySQLi\Connection.php on line 327.
 1 [internal function]: CodeIgniter\Debug\Exceptions->shutdownHandler()
CRITICAL - 2025-06-18 10:54:32 --> ErrorException: Maximum execution time of 120 seconds exceeded
[Method: POST, Route: category_submit]
in SYSTEMPATH\Database\MySQLi\Connection.php on line 327.
 1 [internal function]: CodeIgniter\Debug\Exceptions->shutdownHandler()
